2024-06-12 13:28:51,694 - DEBUG - env.py - _get_legal_moves - 685 - Community+current round pot pot: 9.0
2024-06-12 13:28:51,720 - DEBUG - montecarlo_python.py - run_montecarlo - 196 - Preflop reverse tables for ranges for opponent: NO
2024-06-12 13:28:51,753 - DEBUG - env.py - _get_legal_moves - 685 - Community+current round pot pot: 9.0
2024-06-12 13:28:51,754 - DEBUG - env.py - step - 215 - Previous action reward for seat 0: 1.0
2024-06-12 13:28:51,754 - INFO - env.py - step - 216 - previous action: 6, Action.RAISE_2POT
2024-06-12 13:28:51,755 - DEBUG - env.py - _get_legal_moves - 685 - Community+current round pot pot: 9.0
2024-06-12 13:28:51,755 - DEBUG - montecarlo_python.py - run_montecarlo - 196 - Preflop reverse tables for ranges for opponent: NO
2024-06-12 13:28:51,789 - DEBUG - env.py - _get_legal_moves - 685 - Community+current round pot pot: 9.0
2024-06-12 13:28:51,789 - INFO - env.py - _process_decision - 425 - Seat 1 (Learner): Action.RAISE_POT - Remaining stack: 24.0, Round pot: 18.0, Community pot: 0, player pot: 11.0
2024-06-12 13:28:51,790 - DEBUG - env.py - _get_legal_moves - 685 - Community+current round pot pot: 18.0
2024-06-12 13:28:51,791 - DEBUG - montecarlo_python.py - run_montecarlo - 196 - Preflop reverse tables for ranges for opponent: NO
2024-06-12 13:28:51,824 - DEBUG - env.py - _get_legal_moves - 685 - Community+current round pot pot: 18.0
2024-06-12 13:28:51,825 - DEBUG - env.py - step - 215 - Previous action reward for seat 1: 0
2024-06-12 13:28:51,825 - INFO - env.py - step - 216 - previous action: 5, Action.RAISE_POT
2024-06-12 13:28:51,826 - DEBUG - env.py - _get_legal_moves - 685 - Community+current round pot pot: 18.0
2024-06-12 13:28:51,826 - DEBUG - montecarlo_python.py - run_montecarlo - 196 - Preflop reverse tables for ranges for opponent: NO
2024-06-12 13:28:51,860 - DEBUG - env.py - _get_legal_moves - 685 - Community+current round pot pot: 18.0
2024-06-12 13:28:51,860 - INFO - env.py - _process_decision - 425 - Seat 0 (p0): Action.RAISE_3BB - Remaining stack: 959.0, Round pot: 17.0, Community pot: 0, player pot: 6.0
2024-06-12 13:28:51,861 - INFO - cycle.py - next_player - 74 - Max steps without raising has been reached. For example all calls after raiser.
2024-06-12 13:28:51,862 - INFO - env.py - _next_player - 645 - End round - no current player returned
2024-06-12 13:28:51,862 - INFO - env.py - _distribute_cards_to_table - 714 - Cards on table: ['5C', 'TD', '3D']
2024-06-12 13:28:51,863 - INFO - env.py - _end_round - 577 - --------------------------------
2024-06-12 13:28:51,863 - INFO - env.py - _end_round - 578 - ===ROUND: Stage.FLOP ===
2024-06-12 13:28:51,864 - DEBUG - env.py - _get_legal_moves - 685 - Community+current round pot pot: 34.0
2024-06-12 13:28:51,864 - DEBUG - montecarlo_python.py - run_montecarlo - 196 - Preflop reverse tables for ranges for opponent: NO
2024-06-12 13:28:51,894 - DEBUG - env.py - _get_legal_moves - 685 - Community+current round pot pot: 34.0
2024-06-12 13:28:51,894 - DEBUG - env.py - step - 215 - Previous action reward for seat 0: 0
2024-06-12 13:28:51,895 - INFO - env.py - step - 216 - previous action: 3, Action.RAISE_3BB
2024-06-12 13:28:51,896 - DEBUG - env.py - _get_legal_moves - 685 - Community+current round pot pot: 34.0
2024-06-12 13:28:51,896 - DEBUG - montecarlo_python.py - run_montecarlo - 196 - Preflop reverse tables for ranges for opponent: NO
2024-06-12 13:28:51,925 - DEBUG - env.py - _get_legal_moves - 685 - Community+current round pot pot: 34.0
2024-06-12 13:28:51,925 - INFO - env.py - _process_decision - 425 - Seat 1 (Learner): Action.CHECK - Remaining stack: 24.0, Round pot: 0, Community pot: 34.0, player pot: 0
2024-06-12 13:28:51,926 - DEBUG - env.py - _get_legal_moves - 685 - Community+current round pot pot: 34.0
2024-06-12 13:28:51,927 - DEBUG - montecarlo_python.py - run_montecarlo - 196 - Preflop reverse tables for ranges for opponent: NO
2024-06-12 13:28:51,956 - DEBUG - env.py - _get_legal_moves - 685 - Community+current round pot pot: 34.0
2024-06-12 13:28:51,956 - DEBUG - env.py - step - 215 - Previous action reward for seat 1: 0
2024-06-12 13:28:51,957 - INFO - env.py - step - 216 - previous action: 1, Action.CHECK
2024-06-12 13:28:51,958 - DEBUG - env.py - _get_legal_moves - 685 - Community+current round pot pot: 34.0
2024-06-12 13:28:51,958 - DEBUG - montecarlo_python.py - run_montecarlo - 196 - Preflop reverse tables for ranges for opponent: NO
2024-06-12 13:28:51,987 - DEBUG - env.py - _get_legal_moves - 685 - Community+current round pot pot: 34.0
2024-06-12 13:28:51,988 - INFO - env.py - _process_decision - 425 - Seat 0 (p0): Action.RAISE_POT - Remaining stack: 925.0, Round pot: 34.0, Community pot: 34.0, player pot: 34.0
2024-06-12 13:28:51,988 - DEBUG - env.py - _get_legal_moves - 685 - Community+current round pot pot: 68.0
2024-06-12 13:28:51,989 - DEBUG - montecarlo_python.py - run_montecarlo - 196 - Preflop reverse tables for ranges for opponent: NO
2024-06-12 13:28:52,018 - DEBUG - env.py - _get_legal_moves - 685 - Community+current round pot pot: 68.0
2024-06-12 13:28:52,019 - DEBUG - env.py - step - 215 - Previous action reward for seat 0: 0
2024-06-12 13:28:52,019 - INFO - env.py - step - 216 - previous action: 5, Action.RAISE_POT
2024-06-12 13:28:52,020 - DEBUG - env.py - _get_legal_moves - 685 - Community+current round pot pot: 68.0
2024-06-12 13:28:52,020 - DEBUG - montecarlo_python.py - run_montecarlo - 196 - Preflop reverse tables for ranges for opponent: NO
2024-06-12 13:28:52,050 - DEBUG - env.py - _get_legal_moves - 685 - Community+current round pot pot: 68.0
2024-06-12 13:28:52,050 - INFO - env.py - _process_decision - 425 - Seat 1 (Learner): Action.CALL - Remaining stack: 0.0, Round pot: 58.0, Community pot: 34.0, player pot: 24.0
2024-06-12 13:28:52,051 - INFO - cycle.py - next_player - 74 - Max steps without raising has been reached. For example all calls after raiser.
2024-06-12 13:28:52,052 - INFO - env.py - _next_player - 645 - End round - no current player returned
2024-06-12 13:28:52,052 - INFO - env.py - _distribute_cards_to_table - 714 - Cards on table: ['5C', 'TD', '3D', 'QH']
2024-06-12 13:28:52,053 - INFO - env.py - _end_round - 577 - --------------------------------
2024-06-12 13:28:52,054 - INFO - env.py - _end_round - 578 - ===ROUND: Stage.TURN ===
2024-06-12 13:28:52,054 - DEBUG - env.py - _get_legal_moves - 685 - Community+current round pot pot: 150.0
2024-06-12 13:28:52,055 - DEBUG - montecarlo_python.py - run_montecarlo - 196 - Preflop reverse tables for ranges for opponent: NO
2024-06-12 13:28:52,082 - DEBUG - env.py - _get_legal_moves - 685 - Community+current round pot pot: 150.0
2024-06-12 13:28:52,083 - DEBUG - env.py - step - 215 - Previous action reward for seat 1: 0
2024-06-12 13:28:52,083 - INFO - env.py - step - 216 - previous action: 2, Action.CALL
2024-06-12 13:28:52,084 - DEBUG - env.py - _get_legal_moves - 685 - Community+current round pot pot: 150.0
2024-06-12 13:28:52,084 - DEBUG - montecarlo_python.py - run_montecarlo - 196 - Preflop reverse tables for ranges for opponent: NO
2024-06-12 13:28:52,112 - DEBUG - env.py - _get_legal_moves - 685 - Community+current round pot pot: 150.0
2024-06-12 13:28:52,113 - INFO - env.py - _process_decision - 425 - Seat 0 (p0): Action.RAISE_POT - Remaining stack: 775.0, Round pot: 150.0, Community pot: 150.0, player pot: 150.0
2024-06-12 13:28:52,113 - DEBUG - cycle.py - next_player - 97 - Max steps total has been reached after jumping some folders
2024-06-12 13:28:52,114 - INFO - env.py - _next_player - 645 - End round - no current player returned
2024-06-12 13:28:52,114 - INFO - env.py - _distribute_cards_to_table - 714 - Cards on table: ['5C', 'TD', '3D', 'QH', 'QS']
2024-06-12 13:28:52,115 - INFO - env.py - _end_round - 577 - --------------------------------
2024-06-12 13:28:52,116 - INFO - env.py - _end_round - 578 - ===ROUND: Stage.RIVER ===
2024-06-12 13:28:52,116 - DEBUG - env.py - _get_legal_moves - 685 - Community+current round pot pot: 450.0
2024-06-12 13:28:52,117 - DEBUG - montecarlo_python.py - run_montecarlo - 196 - Preflop reverse tables for ranges for opponent: NO
2024-06-12 13:28:52,142 - DEBUG - env.py - _get_legal_moves - 685 - Community+current round pot pot: 450.0
2024-06-12 13:28:52,143 - DEBUG - env.py - step - 215 - Previous action reward for seat 0: 0
2024-06-12 13:28:52,143 - INFO - env.py - step - 216 - previous action: 5, Action.RAISE_POT
2024-06-12 13:28:52,144 - DEBUG - env.py - _get_legal_moves - 685 - Community+current round pot pot: 450.0
2024-06-12 13:28:52,144 - DEBUG - montecarlo_python.py - run_montecarlo - 196 - Preflop reverse tables for ranges for opponent: NO
2024-06-12 13:28:52,170 - DEBUG - env.py - _get_legal_moves - 685 - Community+current round pot pot: 450.0
2024-06-12 13:28:52,170 - INFO - env.py - _process_decision - 425 - Seat 0 (p0): Action.RAISE_POT - Remaining stack: 325.0, Round pot: 450.0, Community pot: 450.0, player pot: 450.0
2024-06-12 13:28:52,171 - DEBUG - cycle.py - next_player - 97 - Max steps total has been reached after jumping some folders
2024-06-12 13:28:52,171 - INFO - env.py - _next_player - 645 - End round - no current player returned
2024-06-12 13:28:52,172 - INFO - env.py - _end_round - 577 - --------------------------------
2024-06-12 13:28:52,173 - INFO - env.py - _end_round - 578 - ===ROUND: Stage.SHOWDOWN ===
2024-06-12 13:28:52,173 - INFO - env.py - _initiate_round - 543 - Showdown
2024-06-12 13:28:52,174 - INFO - env.py - _get_winner - 618 - Player 0 won: TwoPair
2024-06-12 13:28:52,175 - INFO - env.py - _game_over - 495 - Game over.
2024-06-12 13:28:52,176 - INFO - env.py - _game_over - 501 -    0 - p0  1 - Learner
0   500.0        500.0
0   498.0        502.0
0   491.0        509.0
0   982.0         18.0
0   964.0         36.0
0   965.0         35.0
0  1000.0          0.0
2024-06-12 13:28:52,184 - INFO - env.py - _game_over - 507 - 0    247
1    247
Name: count, dtype: int64
2024-06-12 13:28:52,185 - INFO - env.py - _game_over - 508 - Best Player: 0
2024-06-12 13:28:52,185 - INFO - env.py - _execute_step - 228 - new hand started
2024-06-12 13:28:52,186 - DEBUG - montecarlo_python.py - run_montecarlo - 196 - Preflop reverse tables for ranges for opponent: NO
2024-06-12 13:28:52,212 - DEBUG - env.py - _calculate_reward - 329 - Keras-rl agent has reward 1000
2024-06-12 13:28:52,212 - DEBUG - env.py - step - 215 - Previous action reward for seat 0: 1000
2024-06-12 13:28:52,213 - INFO - env.py - step - 216 - previous action: 5, Action.RAISE_POT
2024-06-12 13:28:52,214 - INFO - env.py - _start_new_hand - 437 - 
2024-06-12 13:28:52,214 - INFO - env.py - _start_new_hand - 438 - ++++++++++++++++++
2024-06-12 13:28:52,215 - INFO - env.py - _start_new_hand - 439 - Starting new hand.
2024-06-12 13:28:52,216 - INFO - env.py - _start_new_hand - 440 - ++++++++++++++++++
2024-06-12 13:28:52,216 - INFO - env.py - _distribute_cards - 700 - Dealer is at position 0
2024-06-12 13:28:52,217 - INFO - env.py - _distribute_cards - 708 - Player 0 got ['4D', 'AC'] and $500
2024-06-12 13:28:52,218 - INFO - env.py - _distribute_cards - 708 - Player 1 got ['8D', '3H'] and $500
2024-06-12 13:28:52,218 - INFO - env.py - _initiate_round - 526 - 
2024-06-12 13:28:52,219 - INFO - env.py - _initiate_round - 527 - ===Round: Stage: PREFLOP
2024-06-12 13:28:52,220 - INFO - env.py - _process_decision - 425 - Seat 1 (Learner): Action.SMALL_BLIND - Remaining stack: 499, Round pot: 1, Community pot: 0, player pot: 1
2024-06-12 13:28:52,220 - INFO - env.py - _process_decision - 425 - Seat 0 (p0): Action.BIG_BLIND - Remaining stack: 498, Round pot: 3, Community pot: 0, player pot: 2
2024-06-12 13:28:52,221 - DEBUG - env.py - _get_legal_moves - 685 - Community+current round pot pot: 3
2024-06-12 13:28:52,221 - DEBUG - montecarlo_python.py - run_montecarlo - 196 - Preflop reverse tables for ranges for opponent: NO
2024-06-12 13:28:52,254 - DEBUG - env.py - _get_legal_moves - 685 - Community+current round pot pot: 3
2024-06-12 13:28:52,255 - DEBUG - env.py - _get_legal_moves - 685 - Community+current round pot pot: 3
2024-06-12 13:28:52,255 - DEBUG - montecarlo_python.py - run_montecarlo - 196 - Preflop reverse tables for ranges for opponent: NO
2024-06-12 13:28:52,288 - DEBUG - env.py - _get_legal_moves - 685 - Community+current round pot pot: 3
2024-06-12 13:28:52,289 - INFO - env.py - _process_decision - 425 - Seat 1 (Learner): Action.RAISE_2POT - Remaining stack: 493, Round pot: 9, Community pot: 0, player pot: 7
2024-06-12 13:28:52,290 - DEBUG - env.py - _get_legal_moves - 685 - Community+current round pot pot: 9
2024-06-12 13:28:52,290 - DEBUG - montecarlo_python.py - run_montecarlo - 196 - Preflop reverse tables for ranges for opponent: NO
2024-06-12 13:28:52,324 - DEBUG - env.py - _get_legal_moves - 685 - Community+current round pot pot: 9
2024-06-12 13:28:52,325 - DEBUG - env.py - step - 215 - Previous action reward for seat 1: 4.149000000000001
2024-06-12 13:28:52,325 - INFO - env.py - step - 216 - previous action: 6, Action.RAISE_2POT
2024-06-12 13:28:52,326 - DEBUG - env.py - _get_legal_moves - 685 - Community+current round pot pot: 9
2024-06-12 13:28:52,326 - DEBUG - montecarlo_python.py - run_montecarlo - 196 - Preflop reverse tables for ranges for opponent: NO
2024-06-12 13:28:52,360 - DEBUG - env.py - _get_legal_moves - 685 - Community+current round pot pot: 9
2024-06-12 13:28:52,361 - INFO - env.py - _process_decision - 425 - Seat 0 (p0): Action.FOLD - Remaining stack: 498, Round pot: 9, Community pot: 0, player pot: 2
2024-06-12 13:28:52,362 - DEBUG - cycle.py - next_player - 60 - Only one player remaining
2024-06-12 13:28:52,362 - INFO - env.py - _next_player - 642 - Only one player remaining in round
2024-06-12 13:28:52,363 - INFO - env.py - _get_winner - 618 - Player 1 won: Only remaining player in round
2024-06-12 13:28:52,364 - INFO - env.py - _start_new_hand - 437 - 
2024-06-12 13:28:52,364 - INFO - env.py - _start_new_hand - 438 - ++++++++++++++++++
2024-06-12 13:28:52,365 - INFO - env.py - _start_new_hand - 439 - Starting new hand.
2024-06-12 13:28:52,366 - INFO - env.py - _start_new_hand - 440 - ++++++++++++++++++
2024-06-12 13:28:52,366 - INFO - env.py - _distribute_cards - 700 - Dealer is at position 1
2024-06-12 13:28:52,367 - INFO - env.py - _distribute_cards - 708 - Player 0 got ['9S', '6D'] and $498
2024-06-12 13:28:52,368 - INFO - env.py - _distribute_cards - 708 - Player 1 got ['QD', 'TS'] and $502
2024-06-12 13:28:52,368 - INFO - env.py - _initiate_round - 526 - 
2024-06-12 13:28:52,369 - INFO - env.py - _initiate_round - 527 - ===Round: Stage: PREFLOP
2024-06-12 13:28:52,370 - INFO - env.py - _process_decision - 425 - Seat 0 (p0): Action.SMALL_BLIND - Remaining stack: 497, Round pot: 1, Community pot: 0, player pot: 1
2024-06-12 13:28:52,371 - INFO - env.py - _process_decision - 425 - Seat 1 (Learner): Action.BIG_BLIND - Remaining stack: 500, Round pot: 3, Community pot: 0, player pot: 2
2024-06-12 13:28:52,371 - INFO - env.py - _execute_step - 228 - new hand started
2024-06-12 13:28:52,372 - DEBUG - env.py - _get_legal_moves - 685 - Community+current round pot pot: 3
2024-06-12 13:28:52,372 - DEBUG - montecarlo_python.py - run_montecarlo - 196 - Preflop reverse tables for ranges for opponent: NO
2024-06-12 13:28:52,406 - DEBUG - env.py - _get_legal_moves - 685 - Community+current round pot pot: 3
2024-06-12 13:28:52,407 - DEBUG - env.py - step - 215 - Previous action reward for seat 0: -2
2024-06-12 13:28:52,407 - INFO - env.py - step - 216 - previous action: 0, Action.FOLD
2024-06-12 13:28:52,408 - DEBUG - env.py - _get_legal_moves - 685 - Community+current round pot pot: 3
2024-06-12 13:28:52,408 - DEBUG - montecarlo_python.py - run_montecarlo - 196 - Preflop reverse tables for ranges for opponent: NO
2024-06-12 13:28:52,442 - DEBUG - env.py - _get_legal_moves - 685 - Community+current round pot pot: 3
2024-06-12 13:28:52,442 - INFO - env.py - _process_decision - 425 - Seat 0 (p0): Action.RAISE_POT - Remaining stack: 494, Round pot: 6, Community pot: 0, player pot: 4
2024-06-12 13:28:52,444 - DEBUG - env.py - _get_legal_moves - 685 - Community+current round pot pot: 6
2024-06-12 13:28:52,444 - DEBUG - montecarlo_python.py - run_montecarlo - 196 - Preflop reverse tables for ranges for opponent: NO
2024-06-12 13:28:52,477 - DEBUG - env.py - _get_legal_moves - 685 - Community+current round pot pot: 6
2024-06-12 13:28:52,477 - DEBUG - env.py - step - 215 - Previous action reward for seat 0: 0
2024-06-12 13:28:52,478 - INFO - env.py - step - 216 - previous action: 5, Action.RAISE_POT
2024-06-12 13:28:52,479 - DEBUG - env.py - _get_legal_moves - 685 - Community+current round pot pot: 6
2024-06-12 13:28:52,479 - DEBUG - montecarlo_python.py - run_montecarlo - 196 - Preflop reverse tables for ranges for opponent: NO
